<?xml version="1.0" encoding="UTF-8"?>
<!-- Generated by org.testng.reporters.JUnitReportReporter -->
<testsuite hostname="Sandeep" failures="0" tests="1" name="testRunner.TestRunner" time="73.132" errors="0" timestamp="10 Jun 2021 20:59:02 GMT" skipped="0">
  <testcase classname="testRunner.TestRunner" name="runScenario" time="73.132"/>
</testsuite> <!-- testRunner.TestRunner -->
